Generated at 2016-04-10 06:00:43 +0000
ArgumentError: You must supply a name when declaring a file resource
/opt/chef/embedded/lib/ruby/gems/2.1.0/gems/chef-12.8.1/lib/chef/resource_builder.rb:46:in `build'
/opt/chef/embedded/lib/ruby/gems/2.1.0/gems/chef-12.8.1/lib/chef/dsl/declare_resource.rb:104:in `build_resource'
/opt/chef/embedded/lib/ruby/gems/2.1.0/gems/chef-12.8.1/lib/chef/dsl/declare_resource.rb:62:in `declare_resource'
/opt/chef/embedded/lib/ruby/gems/2.1.0/gems/chef-12.8.1/lib/chef/dsl/resources.rb:40:in `file'
/home/user/chef-repo/cookbooks/motd/files/default/motd.rb:1:in `from_file'
/opt/chef/embedded/lib/ruby/gems/2.1.0/gems/chef-12.8.1/lib/chef/mixin/from_file.rb:30:in `instance_eval'
/opt/chef/embedded/lib/ruby/gems/2.1.0/gems/chef-12.8.1/lib/chef/mixin/from_file.rb:30:in `from_file'
/opt/chef/embedded/lib/ruby/gems/2.1.0/gems/chef-12.8.1/lib/chef/run_context.rb:352:in `load_recipe_file'
/opt/chef/embedded/lib/ruby/gems/2.1.0/gems/chef-12.8.1/lib/chef/policy_builder/expand_node_object.rb:100:in `block in setup_run_context'
/opt/chef/embedded/lib/ruby/gems/2.1.0/gems/chef-12.8.1/lib/chef/policy_builder/expand_node_object.rb:99:in `each'
/opt/chef/embedded/lib/ruby/gems/2.1.0/gems/chef-12.8.1/lib/chef/policy_builder/expand_node_object.rb:99:in `setup_run_context'
/opt/chef/embedded/lib/ruby/gems/2.1.0/gems/chef-12.8.1/lib/chef/client.rb:509:in `setup_run_context'
/opt/chef/embedded/lib/ruby/gems/2.1.0/gems/chef-12.8.1/lib/chef/client.rb:277:in `run'
/opt/chef/embedded/lib/ruby/gems/2.1.0/gems/chef-12.8.1/lib/chef/application.rb:270:in `block in fork_chef_client'
/opt/chef/embedded/lib/ruby/gems/2.1.0/gems/chef-12.8.1/lib/chef/application.rb:258:in `fork'
/opt/chef/embedded/lib/ruby/gems/2.1.0/gems/chef-12.8.1/lib/chef/application.rb:258:in `fork_chef_client'
/opt/chef/embedded/lib/ruby/gems/2.1.0/gems/chef-12.8.1/lib/chef/application.rb:223:in `block in run_chef_client'
/opt/chef/embedded/lib/ruby/gems/2.1.0/gems/chef-12.8.1/lib/chef/local_mode.rb:44:in `with_server_connectivity'
/opt/chef/embedded/lib/ruby/gems/2.1.0/gems/chef-12.8.1/lib/chef/application.rb:211:in `run_chef_client'
/opt/chef/embedded/lib/ruby/gems/2.1.0/gems/chef-12.8.1/lib/chef/application/client.rb:445:in `block in interval_run_chef_client'
/opt/chef/embedded/lib/ruby/gems/2.1.0/gems/chef-12.8.1/lib/chef/application/client.rb:435:in `loop'
/opt/chef/embedded/lib/ruby/gems/2.1.0/gems/chef-12.8.1/lib/chef/application/client.rb:435:in `interval_run_chef_client'
/opt/chef/embedded/lib/ruby/gems/2.1.0/gems/chef-12.8.1/lib/chef/application/client.rb:424:in `run_application'
/opt/chef/embedded/lib/ruby/gems/2.1.0/gems/chef-12.8.1/lib/chef/application.rb:58:in `run'
/opt/chef/embedded/lib/ruby/gems/2.1.0/gems/chef-12.8.1/bin/chef-client:26:in `<top (required)>'
/usr/bin/chef-client:50:in `load'
/usr/bin/chef-client:50:in `<main>'